<?xml version="1.0" encoding="UTF-8"?>
<!-- Generated by org.testng.reporters.JUnitXMLReporter -->
<testsuite hostname="ip-172-31-2-140" ignored="0" name="Login-Test" tests="4" failures="0" timestamp="2021-02-23T04:39:18 UTC" time="6.333" errors="0">
  <testcase name="LaunchChrome" time="2.069" classname="test.CrossBrowser"/>
  <testcase name="LaunchFirefox" time="4.251" classname="test.CrossBrowser"/>
  <testcase name="testcase1" time="2.392" classname="test.CrossBrowser"/>
  <testcase name="testcase2" time="2.025" classname="test.CrossBrowser"/>
</testsuite> <!-- Login-Test -->
